[INFO  - 2020-06-02T07:57:30.968Z] GhostDriver - Main - running on port 34073
[INFO  - 2020-06-02T07:57:35.050Z] Session [b835c740-a4a6-11ea-9399-410359417950] - page.settings - {"XSSAuditingEnabled":false,"javascriptCanCloseWindows":true,"javascriptCanOpenWindows":true,"javascriptEnabled":true,"loadImages":true,"localToRemoteUrlAccessEnabled":false,"userAgent":"Mozilla/5.0 (Windows NT 6.2; WOW64) AppleWebKit/538.1 (KHTML, like Gecko) PhantomJS/2.1.1 Safari/538.1","webSecurityEnabled":true}
[INFO  - 2020-06-02T07:57:35.050Z] Session [b835c740-a4a6-11ea-9399-410359417950] - page.customHeaders:  - {}
[INFO  - 2020-06-02T07:57:35.050Z] Session [b835c740-a4a6-11ea-9399-410359417950] - Session.negotiatedCapabilities - {"browserName":"phantomjs","version":"2.1.1","driverName":"ghostdriver","driverVersion":"1.2.0","platform":"windows-10-32bit","javascriptEnabled":true,"takesScreenshot":true,"handlesAlerts":false,"databaseEnabled":false,"locationContextEnabled":false,"applicationCacheEnabled":false,"browserConnectionEnabled":false,"cssSelectorsEnabled":true,"webStorageEnabled":false,"rotatable":false,"acceptSslCerts":false,"nativeEvents":true,"proxy":{"proxyType":"direct"}}
[INFO  - 2020-06-02T07:57:35.051Z] SessionManagerReqHand - _postNewSessionCommand - New Session Created: b835c740-a4a6-11ea-9399-410359417950
[ERROR - 2020-06-02T07:57:44.574Z] Session [b835c740-a4a6-11ea-9399-410359417950] - page.onError - msg: ReferenceError: Can't find variable: URLSearchParams

  phantomjs://platform/console++.js:263 in error
[ERROR - 2020-06-02T07:57:44.575Z] Session [b835c740-a4a6-11ea-9399-410359417950] - page.onError - stack:
  global code (https://covid19.who.int/?gclid=EAIaIQobChMIpIyKw6Pb6QIVTNiWCh1lqQKZEAAYASAAEgJQ5vD_BwE:1)

  phantomjs://platform/console++.js:263 in error
[ERROR - 2020-06-02T07:57:55.974Z] Session [b835c740-a4a6-11ea-9399-410359417950] - page.onError - msg: MQTT Client | Connection Error Error: SecurityError: DOM Exception 18

  phantomjs://platform/console++.js:263 in error
[ERROR - 2020-06-02T07:57:55.975Z] Session [b835c740-a4a6-11ea-9399-410359417950] - page.onError - stack:
  apply (:0)

  phantomjs://platform/console++.js:263 in error
[ERROR - 2020-06-02T07:57:56.002Z] Session [b835c740-a4a6-11ea-9399-410359417950] - page.onError - msg: Invariant Violation: [React Intl] The `Intl` APIs must be available in the runtime, and do not appear to be built-in. An `Intl` polyfill should be loaded.
See: http://formatjs.io/guides/runtime-environments/

  phantomjs://platform/console++.js:263 in error
[ERROR - 2020-06-02T07:57:56.002Z] Session [b835c740-a4a6-11ea-9399-410359417950] - page.onError - stack:
  apply (:0)

  phantomjs://platform/console++.js:263 in error
[ERROR - 2020-06-02T07:58:14.308Z] WebElementLocator - _handleLocateCommand - Element(s) NOT Found: GAVE UP. Search Stop Time: 1591084694293

  phantomjs://platform/console++.js:263 in error
